#-----------------------------------------------------------
# PlanAhead v14.7
# Build 321239 by xbuild on Fri Sep 27 19:31:35 MDT 2013
# Start of session at: Sun Dec 11 14:53:54 2022
# Process ID: 3496
# Log file: C:/Xilinx/project/planAhead_run_1/planAhead.log
# Journal file: C:/Xilinx/project/planAhead_run_1/planAhead.jou
#-----------------------------------------------------------
INFO: [Common 17-78] Attempting to get a license: PlanAhead
INFO: [Common 17-290] Got license for PlanAhead
INFO: [Device 21-36] Loading parts and site information from C:/Xilinx/14.7/ISE_DS/PlanAhead/data/parts/arch.xml
Parsing RTL primitives file [C:/Xilinx/14.7/ISE_DS/PlanAhead/data/parts/xilinx/rtl/prims/rtl_prims.xml]
Finished parsing RTL primitives file [C:/Xilinx/14.7/ISE_DS/PlanAhead/data/parts/xilinx/rtl/prims/rtl_prims.xml]
start_gui
source C:/Xilinx/project/pa.fromHdl.tcl
# create_project -name project -dir "C:/Xilinx/project/planAhead_run_1" -part xc6slx9tqg144-3
# set_param project.pinAheadLayout yes
# set srcset [get_property srcset [current_run -impl]]
# set_property target_constrs_file "project.ucf" [current_fileset -constrset]
Adding file 'C:/Xilinx/project/project.ucf' to fileset 'constrs_1'
# set hdlfile [add_files [list {Div8.vf}]]
# set_property file_type Verilog $hdlfile
# set_property library work $hdlfile
# set hdlfile [add_files [list {Div9M.vf}]]
# set_property file_type Verilog $hdlfile
# set_property library work $hdlfile
# set hdlfile [add_files [list {Div8M.vf}]]
# set_property file_type Verilog $hdlfile
# set_property library work $hdlfile
# set hdlfile [add_files [list {counter128.vf}]]
# set_property file_type Verilog $hdlfile
# set_property library work $hdlfile
# set hdlfile [add_files [list {counter0_2.vf}]]
# set_property file_type Verilog $hdlfile
# set_property library work $hdlfile
# set hdlfile [add_files [list {Div10M2.vf}]]
# set_property file_type Verilog $hdlfile
# set_property library work $hdlfile
# set hdlfile [add_files [list {project.vf}]]
# set_property file_type Verilog $hdlfile
# set_property library work $hdlfile
# set_property top project $srcset
# add_files [list {project.ucf}] -fileset [get_property constrset [current_run]]
# open_rtl_design -part xc6slx9tqg144-3
Using Verific elaboration
Parsing VHDL file "C:/Xilinx/14.7/ISE_DS/PlanAhead/data/parts/xilinx/rtl/lib/synplify/synattr.vhd" into library synplify
Analyzing Verilog file "C:/Xilinx/project/Div10M2.vf" into library work
Analyzing Verilog file "C:/Xilinx/project/project.vf" into library work
Loading clock regions from C:/Xilinx/14.7/ISE_DS/PlanAhead/data\parts/xilinx/spartan6/spartan6lx/xc6slx9/ClockRegion.xml
Loading clock buffers from C:/Xilinx/14.7/ISE_DS/PlanAhead/data\parts/xilinx/spartan6/spartan6lx/xc6slx9/ClockBuffers.xml
Loading package pin functions from C:/Xilinx/14.7/ISE_DS/PlanAhead/data\parts/xilinx/spartan6/PinFunctions.xml...
Loading package from C:/Xilinx/14.7/ISE_DS/PlanAhead/data\parts/xilinx/spartan6/spartan6lx/xc6slx9/tqg144/Package.xml
Loading io standards from C:/Xilinx/14.7/ISE_DS/PlanAhead/data\./parts/xilinx/spartan6/IOStandards.xml
Loading device configuration modes from C:/Xilinx/14.7/ISE_DS/PlanAhead/data\parts/xilinx/spartan6/ConfigModes.xml
Loading list of drcs for the architecture : C:/Xilinx/14.7/ISE_DS/PlanAhead/data\./parts/xilinx/spartan6/drc.xml
Parsing UCF File [C:/Xilinx/project/project.ucf]
Finished Parsing UCF File [C:/Xilinx/project/project.ucf]
INFO: [Project 1-111] Unisim Transformation Summary:
No Unisim elements were transformed.

Phase 0 | Netlist Checksum: 00c050fb
update_compile_order -fileset sim_1
startgroup
set_property package_pin P21 [get_ports {O[6]}]
endgroup
startgroup
set_property package_pin P16 [get_ports {O[5]}]
endgroup
startgroup
set_property package_pin P14 [get_ports {O[4]}]
endgroup
startgroup
set_property package_pin P11 [get_ports {O[3]}]
endgroup
startgroup
set_property package_pin P9 [get_ports {O[2]}]
endgroup
startgroup
set_property package_pin P7 [get_ports {O[1]}]
endgroup
startgroup
set_property package_pin P5 [get_ports {O[0]}]
endgroup
startgroup
set_property package_pin P99 [get_ports START_SW]
endgroup
startgroup
set_property package_pin P100 [get_ports SW_SELSPEED]
endgroup
set_property package_pin "" [get_ports [list  LED_SPD0]]
set_property package_pin "" [get_ports [list  LED_SPD2]]
set_property package_pin "" [get_ports [list  LED_SPD0]]
startgroup
set_property package_pin P101 [get_ports LED_SPD2]
endgroup
startgroup
set_property package_pin P116 [get_ports LED_SPD2]
endgroup
startgroup
set_property package_pin P115 [get_ports LED_SPD1]
endgroup
startgroup
set_property package_pin P114 [get_ports LED_SPD0]
endgroup
save_constraints
exit
ERROR: [PlanAhead 12-106] *** Exception: ui.h.b: Found deleted key in HTclEventBroker. Verify if the classes listed here call cleanup()
HTclEvent: DEBUG_CORE_CONFIG_CHANGE   Classes: ui.views.aR 
HTclEvent: SIGNAL_MODIFY   Classes: ui.views.aR 
HTclEvent: SIGNAL_BUS_MODIFY   Classes: ui.views.aR 
HTclEvent: DEBUG_PORT_CONFIG_CHANGE   Classes: ui.views.aR 
 (See C:/Xilinx/project\planAhead_pid3496.debug)
ERROR: [Common 17-39] 'stop_gui' failed due to earlier errors.
INFO: [Common 17-206] Exiting PlanAhead at Sun Dec 11 14:58:23 2022...
INFO: [Common 17-83] Releasing license: PlanAhead
