Release 14.7 - xst P.20131013 (nt64)
Copyright (c) 1995-2013 Xilinx, Inc.  All rights reserved.
--> Parameter TMPDIR set to xst/projnav.tmp


Total REAL time to Xst completion: 0.00 secs
Total CPU time to Xst completion: 0.24 secs
 
--> Parameter xsthdpdir set to xst


Total REAL time to Xst completion: 0.00 secs
Total CPU time to Xst completion: 0.24 secs
 
--> Reading design: project.prj

TABLE OF CONTENTS
  1) Synthesis Options Summary
  2) HDL Parsing
  3) HDL Elaboration
  4) HDL Synthesis
       4.1) HDL Synthesis Report
  5) Advanced HDL Synthesis
       5.1) Advanced HDL Synthesis Report
  6) Low Level Synthesis
  7) Partition Report
  8) Design Summary
       8.1) Primitive and Black Box Usage
       8.2) Device utilization summary
       8.3) Partition Resource Summary
       8.4) Timing Report
            8.4.1) Clock Information
            8.4.2) Asynchronous Control Signals Information
            8.4.3) Timing Summary
            8.4.4) Timing Details
            8.4.5) Cross Clock Domains Report


=========================================================================
*                      Synthesis Options Summary                        *
=========================================================================
---- Source Parameters
Input File Name                    : "project.prj"
Ignore Synthesis Constraint File   : NO

---- Target Parameters
Output File Name                   : "project"
Output Format                      : NGC
Target Device                      : xc6slx9-3-tqg144

---- Source Options
Top Module Name                    : project
Automatic FSM Extraction           : YES
FSM Encoding Algorithm             : Auto
Safe Implementation                : No
FSM Style                          : LUT
RAM Extraction                     : Yes
RAM Style                          : Auto
ROM Extraction                     : Yes
Shift Register Extraction          : YES
ROM Style                          : Auto
Resource Sharing                   : YES
Asynchronous To Synchronous        : NO
Shift Register Minimum Size        : 2
Use DSP Block                      : Auto
Automatic Register Balancing       : No

---- Target Options
LUT Combining                      : Auto
Reduce Control Sets                : Auto
Add IO Buffers                     : YES
Global Maximum Fanout              : 100000
Add Generic Clock Buffer(BUFG)     : 16
Register Duplication               : YES
Optimize Instantiated Primitives   : NO
Use Clock Enable                   : Auto
Use Synchronous Set                : Auto
Use Synchronous Reset              : Auto
Pack IO Registers into IOBs        : Auto
Equivalent register Removal        : YES

---- General Options
Optimization Goal                  : Speed
Optimization Effort                : 1
Power Reduction                    : YES
Keep Hierarchy                     : No
Netlist Hierarchy                  : As_Optimized
RTL Output                         : Yes
Global Optimization                : AllClockNets
Read Cores                         : YES
Write Timing Constraints           : YES
Cross Clock Analysis               : NO
Hierarchy Separator                : /
Bus Delimiter                      : <>
Case Specifier                     : Maintain
Slice Utilization Ratio            : 100
BRAM Utilization Ratio             : 100
DSP48 Utilization Ratio            : 100
Auto BRAM Packing                  : NO
Slice Utilization Ratio Delta      : 5

=========================================================================


=========================================================================
*                          HDL Parsing                                  *
=========================================================================
Analyzing Verilog file "C:\Xilinx\project\Div8.vf" into library work
Parsing module <FTC_HXILINX_Div8>.
Parsing module <Div8>.
Analyzing Verilog file "C:\Xilinx\project\Div6.vf" into library work
Parsing module <FTC_HXILINX_Div6>.
Parsing module <Div6>.
Analyzing Verilog file "C:\Xilinx\project\Div8M.vf" into library work
Parsing module <FTC_HXILINX_Div8M>.
Parsing module <CD4CE_HXILINX_Div8M>.
Parsing module <Div8_MUSER_Div8M>.
Parsing module <Div8M>.
Analyzing Verilog file "C:\Xilinx\project\Div6M.vf" into library work
Parsing module <FTC_HXILINX_Div6M>.
Parsing module <CD4CE_HXILINX_Div6M>.
Parsing module <Div6_MUSER_Div6M>.
Parsing module <Div6M>.
Analyzing Verilog file "C:\Xilinx\project\debounceSW.vf" into library work
Parsing module <debounceSW>.
Analyzing Verilog file "C:\Xilinx\project\counter128.vf" into library work
Parsing module <FTC_HXILINX_counter128>.
Parsing module <AND6_HXILINX_counter128>.
Parsing module <AND7_HXILINX_counter128>.
Parsing module <counter128>.
Analyzing Verilog file "C:\Xilinx\project\counter0_2.vf" into library work
Parsing module <FTC_HXILINX_counter0_2>.
Parsing module <counter0_2>.
Analyzing Verilog file "C:\Xilinx\project\Div10M2.vf" into library work
Parsing module <CD4CE_HXILINX_Div10M2>.
Parsing module <Div10M2>.
Analyzing Verilog file "C:\Xilinx\project\project.vf" into library work
Parsing module <FTC_HXILINX_project>.
Parsing module <CD4CE_HXILINX_project>.
Parsing module <M4_1E_HXILINX_project>.
Parsing module <D2_4E_HXILINX_project>.
Parsing module <AND6_HXILINX_project>.
Parsing module <AND7_HXILINX_project>.
Parsing module <debounceSW_MUSER_project>.
Parsing module <Div6_MUSER_project>.
Parsing module <Div6M_MUSER_project>.
Parsing module <Div8_MUSER_project>.
Parsing module <Div8M_MUSER_project>.
Parsing module <counter128_MUSER_project>.
Parsing module <counter0_2_MUSER_project>.
Parsing module <project>.

=========================================================================
*                            HDL Elaboration                            *
=========================================================================

Elaborating module <project>.

Elaborating module <Div10M2>.

Elaborating module <CD4CE_HXILINX_Div10M2>.
WARNING:HDLCompiler:413 - "C:\Xilinx\project\Div10M2.vf" Line 60: Result of 5-bit expression is truncated to fit in 4-bit target.

Elaborating module <VCC>.

Elaborating module <GND>.

Elaborating module <Div8M_MUSER_project>.

Elaborating module <CD4CE_HXILINX_project>.
WARNING:HDLCompiler:413 - "C:\Xilinx\project\project.vf" Line 84: Result of 5-bit expression is truncated to fit in 4-bit target.

Elaborating module <Div8_MUSER_project>.

Elaborating module <FTC_HXILINX_project>.

Elaborating module <AND2>.

Elaborating module <AND3>.

Elaborating module <M4_1E_HXILINX_project>.

Elaborating module <counter0_2_MUSER_project>.

Elaborating module <D2_4E_HXILINX_project>.

Elaborating module <counter128_MUSER_project>.

Elaborating module <AND4>.

Elaborating module <AND5>.

Elaborating module <AND6_HXILINX_project>.

Elaborating module <AND7_HXILINX_project>.

Elaborating module <Div6M_MUSER_project>.

Elaborating module <Div6_MUSER_project>.

Elaborating module <AND3B1>.

Elaborating module <INV>.

Elaborating module <BUF>.

Elaborating module <debounceSW_MUSER_project>.

Elaborating module <FD(INIT=1'b0)>.

=========================================================================
*                           HDL Synthesis                               *
=========================================================================

Synthesizing Unit <project>.
    Related source file is "C:\Xilinx\project\project.vf".
    Set property "HU_SET = XLXI_64_61" for instance <XLXI_64>.
    Set property "HU_SET = XLXI_68_62" for instance <XLXI_68>.
    Set property "HU_SET = XLXI_122_63" for instance <XLXI_122>.
INFO:Xst:3210 - "C:\Xilinx\project\project.vf" line 680: Output port <D3> of the instance <XLXI_68> is unconnected or connected to loadless signal.
    Summary:
	no macro.
Unit <project> synthesized.

Synthesizing Unit <Div10M2>.
    Related source file is "C:\Xilinx\project\Div10M2.vf".
    Set property "HU_SET = XLXI_1_8" for instance <XLXI_1>.
    Set property "HU_SET = XLXI_2_9" for instance <XLXI_2>.
    Set property "HU_SET = XLXI_3_10" for instance <XLXI_3>.
    Set property "HU_SET = XLXI_4_11" for instance <XLXI_4>.
    Set property "HU_SET = XLXI_5_12" for instance <XLXI_5>.
    Set property "HU_SET = XLXI_7_14" for instance <XLXI_7>.
    Set property "HU_SET = XLXI_8_13" for instance <XLXI_8>.
INFO:Xst:3210 - "C:\Xilinx\project\Div10M2.vf" line 93: Output port <CEO> of the instance <XLXI_1> is unconnected or connected to loadless signal.
INFO:Xst:3210 - "C:\Xilinx\project\Div10M2.vf" line 93: Output port <Q0> of the instance <XLXI_1> is unconnected or connected to loadless signal.
INFO:Xst:3210 - "C:\Xilinx\project\Div10M2.vf" line 93: Output port <Q1> of the instance <XLXI_1> is unconnected or connected to loadless signal.
INFO:Xst:3210 - "C:\Xilinx\project\Div10M2.vf" line 93: Output port <Q2> of the instance <XLXI_1> is unconnected or connected to loadless signal.
INFO:Xst:3210 - "C:\Xilinx\project\Div10M2.vf" line 93: Output port <Q3> of the instance <XLXI_1> is unconnected or connected to loadless signal.
INFO:Xst:3210 - "C:\Xilinx\project\Div10M2.vf" line 103: Output port <CEO> of the instance <XLXI_2> is unconnected or connected to loadless signal.
INFO:Xst:3210 - "C:\Xilinx\project\Div10M2.vf" line 103: Output port <Q0> of the instance <XLXI_2> is unconnected or connected to loadless signal.
INFO:Xst:3210 - "C:\Xilinx\project\Div10M2.vf" line 103: Output port <Q1> of the instance <XLXI_2> is unconnected or connected to loadless signal.
INFO:Xst:3210 - "C:\Xilinx\project\Div10M2.vf" line 103: Output port <Q2> of the instance <XLXI_2> is unconnected or connected to loadless signal.
INFO:Xst:3210 - "C:\Xilinx\project\Div10M2.vf" line 103: Output port <Q3> of the instance <XLXI_2> is unconnected or connected to loadless signal.
INFO:Xst:3210 - "C:\Xilinx\project\Div10M2.vf" line 113: Output port <CEO> of the instance <XLXI_3> is unconnected or connected to loadless signal.
INFO:Xst:3210 - "C:\Xilinx\project\Div10M2.vf" line 113: Output port <Q0> of the instance <XLXI_3> is unconnected or connected to loadless signal.
INFO:Xst:3210 - "C:\Xilinx\project\Div10M2.vf" line 113: Output port <Q1> of the instance <XLXI_3> is unconnected or connected to loadless signal.
INFO:Xst:3210 - "C:\Xilinx\project\Div10M2.vf" line 113: Output port <Q2> of the instance <XLXI_3> is unconnected or connected to loadless signal.
INFO:Xst:3210 - "C:\Xilinx\project\Div10M2.vf" line 113: Output port <Q3> of the instance <XLXI_3> is unconnected or connected to loadless signal.
INFO:Xst:3210 - "C:\Xilinx\project\Div10M2.vf" line 123: Output port <CEO> of the instance <XLXI_4> is unconnected or connected to loadless signal.
INFO:Xst:3210 - "C:\Xilinx\project\Div10M2.vf" line 123: Output port <Q0> of the instance <XLXI_4> is unconnected or connected to loadless signal.
INFO:Xst:3210 - "C:\Xilinx\project\Div10M2.vf" line 123: Output port <Q1> of the instance <XLXI_4> is unconnected or connected to loadless signal.
INFO:Xst:3210 - "C:\Xilinx\project\Div10M2.vf" line 123: Output port <Q2> of the instance <XLXI_4> is unconnected or connected to loadless signal.
INFO:Xst:3210 - "C:\Xilinx\project\Div10M2.vf" line 123: Output port <Q3> of the instance <XLXI_4> is unconnected or connected to loadless signal.
INFO:Xst:3210 - "C:\Xilinx\project\Div10M2.vf" line 133: Output port <CEO> of the instance <XLXI_5> is unconnected or connected to loadless signal.
INFO:Xst:3210 - "C:\Xilinx\project\Div10M2.vf" line 133: Output port <Q0> of the instance <XLXI_5> is unconnected or connected to loadless signal.
INFO:Xst:3210 - "C:\Xilinx\project\Div10M2.vf" line 133: Output port <Q1> of the instance <XLXI_5> is unconnected or connected to loadless signal.
INFO:Xst:3210 - "C:\Xilinx\project\Div10M2.vf" line 133: Output port <Q2> of the instance <XLXI_5> is unconnected or connected to loadless signal.
INFO:Xst:3210 - "C:\Xilinx\project\Div10M2.vf" line 133: Output port <Q3> of the instance <XLXI_5> is unconnected or connected to loadless signal.
INFO:Xst:3210 - "C:\Xilinx\project\Div10M2.vf" line 143: Output port <CEO> of the instance <XLXI_7> is unconnected or connected to loadless signal.
INFO:Xst:3210 - "C:\Xilinx\project\Div10M2.vf" line 143: Output port <Q0> of the instance <XLXI_7> is unconnected or connected to loadless signal.
INFO:Xst:3210 - "C:\Xilinx\project\Div10M2.vf" line 143: Output port <Q1> of the instance <XLXI_7> is unconnected or connected to loadless signal.
INFO:Xst:3210 - "C:\Xilinx\project\Div10M2.vf" line 143: Output port <Q2> of the instance <XLXI_7> is unconnected or connected to loadless signal.
INFO:Xst:3210 - "C:\Xilinx\project\Div10M2.vf" line 143: Output port <Q3> of the instance <XLXI_7> is unconnected or connected to loadless signal.
INFO:Xst:3210 - "C:\Xilinx\project\Div10M2.vf" line 153: Output port <CEO> of the instance <XLXI_8> is unconnected or connected to loadless signal.
INFO:Xst:3210 - "C:\Xilinx\project\Div10M2.vf" line 153: Output port <Q0> of the instance <XLXI_8> is unconnected or connected to loadless signal.
INFO:Xst:3210 - "C:\Xilinx\project\Div10M2.vf" line 153: Output port <Q1> of the instance <XLXI_8> is unconnected or connected to loadless signal.
INFO:Xst:3210 - "C:\Xilinx\project\Div10M2.vf" line 153: Output port <Q2> of the instance <XLXI_8> is unconnected or connected to loadless signal.
INFO:Xst:3210 - "C:\Xilinx\project\Div10M2.vf" line 153: Output port <Q3> of the instance <XLXI_8> is unconnected or connected to loadless signal.
    Summary:
	no macro.
Unit <Div10M2> synthesized.

Synthesizing Unit <CD4CE_HXILINX_Div10M2>.
    Related source file is "C:\Xilinx\project\Div10M2.vf".
        TERMINAL_COUNT = 4'b1001
    Found 1-bit register for signal <Q1>.
    Found 1-bit register for signal <Q2>.
    Found 1-bit register for signal <Q3>.
    Found 1-bit register for signal <Q0>.
    Found 4-bit adder for signal <Q3_GND_3_o_add_4_OUT> created at line 60.
    Summary:
	inferred   1 Adder/Subtractor(s).
	inferred   4 D-type flip-flop(s).
	inferred   7 Multiplexer(s).
Unit <CD4CE_HXILINX_Div10M2> synthesized.

Synthesizing Unit <Div8M_MUSER_project>.
    Related source file is "C:\Xilinx\project\project.vf".
    Set property "HU_SET = XLXI_1_44" for instance <XLXI_1>.
    Set property "HU_SET = XLXI_2_45" for instance <XLXI_2>.
    Set property "HU_SET = XLXI_3_46" for instance <XLXI_3>.
    Set property "HU_SET = XLXI_4_47" for instance <XLXI_4>.
    Set property "HU_SET = XLXI_5_48" for instance <XLXI_5>.
    Set property "HU_SET = XLXI_7_49" for instance <XLXI_7>.
INFO:Xst:3210 - "C:\Xilinx\project\project.vf" line 422: Output port <CEO> of the instance <XLXI_1> is unconnected or connected to loadless signal.
INFO:Xst:3210 - "C:\Xilinx\project\project.vf" line 422: Output port <Q0> of the instance <XLXI_1> is unconnected or connected to loadless signal.
INFO:Xst:3210 - "C:\Xilinx\project\project.vf" line 422: Output port <Q1> of the instance <XLXI_1> is unconnected or connected to loadless signal.
INFO:Xst:3210 - "C:\Xilinx\project\project.vf" line 422: Output port <Q2> of the instance <XLXI_1> is unconnected or connected to loadless signal.
INFO:Xst:3210 - "C:\Xilinx\project\project.vf" line 422: Output port <Q3> of the instance <XLXI_1> is unconnected or connected to loadless signal.
INFO:Xst:3210 - "C:\Xilinx\project\project.vf" line 432: Output port <CEO> of the instance <XLXI_2> is unconnected or connected to loadless signal.
INFO:Xst:3210 - "C:\Xilinx\project\project.vf" line 432: Output port <Q0> of the instance <XLXI_2> is unconnected or connected to loadless signal.
INFO:Xst:3210 - "C:\Xilinx\project\project.vf" line 432: Output port <Q1> of the instance <XLXI_2> is unconnected or connected to loadless signal.
INFO:Xst:3210 - "C:\Xilinx\project\project.vf" line 432: Output port <Q2> of the instance <XLXI_2> is unconnected or connected to loadless signal.
INFO:Xst:3210 - "C:\Xilinx\project\project.vf" line 432: Output port <Q3> of the instance <XLXI_2> is unconnected or connected to loadless signal.
INFO:Xst:3210 - "C:\Xilinx\project\project.vf" line 442: Output port <CEO> of the instance <XLXI_3> is unconnected or connected to loadless signal.
INFO:Xst:3210 - "C:\Xilinx\project\project.vf" line 442: Output port <Q0> of the instance <XLXI_3> is unconnected or connected to loadless signal.
INFO:Xst:3210 - "C:\Xilinx\project\project.vf" line 442: Output port <Q1> of the instance <XLXI_3> is unconnected or connected to loadless signal.
INFO:Xst:3210 - "C:\Xilinx\project\project.vf" line 442: Output port <Q2> of the instance <XLXI_3> is unconnected or connected to loadless signal.
INFO:Xst:3210 - "C:\Xilinx\project\project.vf" line 442: Output port <Q3> of the instance <XLXI_3> is unconnected or connected to loadless signal.
INFO:Xst:3210 - "C:\Xilinx\project\project.vf" line 452: Output port <CEO> of the instance <XLXI_4> is unconnected or connected to loadless signal.
INFO:Xst:3210 - "C:\Xilinx\project\project.vf" line 452: Output port <Q0> of the instance <XLXI_4> is unconnected or connected to loadless signal.
INFO:Xst:3210 - "C:\Xilinx\project\project.vf" line 452: Output port <Q1> of the instance <XLXI_4> is unconnected or connected to loadless signal.
INFO:Xst:3210 - "C:\Xilinx\project\project.vf" line 452: Output port <Q2> of the instance <XLXI_4> is unconnected or connected to loadless signal.
INFO:Xst:3210 - "C:\Xilinx\project\project.vf" line 452: Output port <Q3> of the instance <XLXI_4> is unconnected or connected to loadless signal.
INFO:Xst:3210 - "C:\Xilinx\project\project.vf" line 462: Output port <CEO> of the instance <XLXI_5> is unconnected or connected to loadless signal.
INFO:Xst:3210 - "C:\Xilinx\project\project.vf" line 462: Output port <Q0> of the instance <XLXI_5> is unconnected or connected to loadless signal.
INFO:Xst:3210 - "C:\Xilinx\project\project.vf" line 462: Output port <Q1> of the instance <XLXI_5> is unconnected or connected to loadless signal.
INFO:Xst:3210 - "C:\Xilinx\project\project.vf" line 462: Output port <Q2> of the instance <XLXI_5> is unconnected or connected to loadless signal.
INFO:Xst:3210 - "C:\Xilinx\project\project.vf" line 462: Output port <Q3> of the instance <XLXI_5> is unconnected or connected to loadless signal.
INFO:Xst:3210 - "C:\Xilinx\project\project.vf" line 472: Output port <CEO> of the instance <XLXI_7> is unconnected or connected to loadless signal.
INFO:Xst:3210 - "C:\Xilinx\project\project.vf" line 472: Output port <Q0> of the instance <XLXI_7> is unconnected or connected to loadless signal.
INFO:Xst:3210 - "C:\Xilinx\project\project.vf" line 472: Output port <Q1> of the instance <XLXI_7> is unconnected or connected to loadless signal.
INFO:Xst:3210 - "C:\Xilinx\project\project.vf" line 472: Output port <Q2> of the instance <XLXI_7> is unconnected or connected to loadless signal.
INFO:Xst:3210 - "C:\Xilinx\project\project.vf" line 472: Output port <Q3> of the instance <XLXI_7> is unconnected or connected to loadless signal.
    Summary:
	no macro.
Unit <Div8M_MUSER_project> synthesized.

Synthesizing Unit <CD4CE_HXILINX_project>.
    Related source file is "C:\Xilinx\project\project.vf".
        TERMINAL_COUNT = 4'b1001
    Found 1-bit register for signal <Q1>.
    Found 1-bit register for signal <Q2>.
    Found 1-bit register for signal <Q3>.
    Found 1-bit register for signal <Q0>.
    Found 4-bit adder for signal <Q3_GND_7_o_add_4_OUT> created at line 84.
    Summary:
	inferred   1 Adder/Subtractor(s).
	inferred   4 D-type flip-flop(s).
	inferred   7 Multiplexer(s).
Unit <CD4CE_HXILINX_project> synthesized.

Synthesizing Unit <Div8_MUSER_project>.
    Related source file is "C:\Xilinx\project\project.vf".
    Set property "HU_SET = XLXI_3_41" for instance <XLXI_3>.
    Set property "HU_SET = XLXI_4_42" for instance <XLXI_4>.
    Set property "HU_SET = XLXI_5_43" for instance <XLXI_5>.
    Summary:
	no macro.
Unit <Div8_MUSER_project> synthesized.

Synthesizing Unit <FTC_HXILINX_project>.
    Related source file is "C:\Xilinx\project\project.vf".
        INIT = 1'b0
    Found 1-bit register for signal <Q>.
    Summary:
	inferred   1 D-type flip-flop(s).
Unit <FTC_HXILINX_project> synthesized.

Synthesizing Unit <M4_1E_HXILINX_project>.
    Related source file is "C:\Xilinx\project\project.vf".
    Found 1-bit 4-to-1 multiplexer for signal <S1_D3_Mux_0_o> created at line 115.
    Summary:
	inferred   2 Multiplexer(s).
Unit <M4_1E_HXILINX_project> synthesized.

Synthesizing Unit <counter0_2_MUSER_project>.
    Related source file is "C:\Xilinx\project\project.vf".
    Set property "HU_SET = XLXI_1_59" for instance <XLXI_1>.
    Set property "HU_SET = XLXI_2_60" for instance <XLXI_2>.
    Summary:
	no macro.
Unit <counter0_2_MUSER_project> synthesized.

Synthesizing Unit <D2_4E_HXILINX_project>.
    Related source file is "C:\Xilinx\project\project.vf".
    Summary:
	inferred   4 Multiplexer(s).
Unit <D2_4E_HXILINX_project> synthesized.

Synthesizing Unit <counter128_MUSER_project>.
    Related source file is "C:\Xilinx\project\project.vf".
    Set property "HU_SET = XLXI_8_50" for instance <XLXI_8>.
    Set property "HU_SET = XLXI_9_51" for instance <XLXI_9>.
    Set property "HU_SET = XLXI_10_52" for instance <XLXI_10>.
    Set property "HU_SET = XLXI_11_53" for instance <XLXI_11>.
    Set property "HU_SET = XLXI_12_54" for instance <XLXI_12>.
    Set property "HU_SET = XLXI_13_55" for instance <XLXI_13>.
    Set property "HU_SET = XLXI_14_56" for instance <XLXI_14>.
    Set property "HU_SET = XLXI_20_57" for instance <XLXI_20>.
    Set property "HU_SET = XLXI_22_58" for instance <XLXI_22>.
    Summary:
	no macro.
Unit <counter128_MUSER_project> synthesized.

Synthesizing Unit <AND6_HXILINX_project>.
    Related source file is "C:\Xilinx\project\project.vf".
    Summary:
	no macro.
Unit <AND6_HXILINX_project> synthesized.

Synthesizing Unit <AND7_HXILINX_project>.
    Related source file is "C:\Xilinx\project\project.vf".
    Summary:
	no macro.
Unit <AND7_HXILINX_project> synthesized.

Synthesizing Unit <Div6M_MUSER_project>.
    Related source file is "C:\Xilinx\project\project.vf".
    Set property "HU_SET = XLXI_1_35" for instance <XLXI_1>.
    Set property "HU_SET = XLXI_2_36" for instance <XLXI_2>.
    Set property "HU_SET = XLXI_3_37" for instance <XLXI_3>.
    Set property "HU_SET = XLXI_4_38" for instance <XLXI_4>.
    Set property "HU_SET = XLXI_5_39" for instance <XLXI_5>.
    Set property "HU_SET = XLXI_6_40" for instance <XLXI_6>.
INFO:Xst:3210 - "C:\Xilinx\project\project.vf" line 290: Output port <CEO> of the instance <XLXI_1> is unconnected or connected to loadless signal.
INFO:Xst:3210 - "C:\Xilinx\project\project.vf" line 290: Output port <Q0> of the instance <XLXI_1> is unconnected or connected to loadless signal.
INFO:Xst:3210 - "C:\Xilinx\project\project.vf" line 290: Output port <Q1> of the instance <XLXI_1> is unconnected or connected to loadless signal.
INFO:Xst:3210 - "C:\Xilinx\project\project.vf" line 290: Output port <Q2> of the instance <XLXI_1> is unconnected or connected to loadless signal.
INFO:Xst:3210 - "C:\Xilinx\project\project.vf" line 290: Output port <Q3> of the instance <XLXI_1> is unconnected or connected to loadless signal.
INFO:Xst:3210 - "C:\Xilinx\project\project.vf" line 300: Output port <CEO> of the instance <XLXI_2> is unconnected or connected to loadless signal.
INFO:Xst:3210 - "C:\Xilinx\project\project.vf" line 300: Output port <Q0> of the instance <XLXI_2> is unconnected or connected to loadless signal.
INFO:Xst:3210 - "C:\Xilinx\project\project.vf" line 300: Output port <Q1> of the instance <XLXI_2> is unconnected or connected to loadless signal.
INFO:Xst:3210 - "C:\Xilinx\project\project.vf" line 300: Output port <Q2> of the instance <XLXI_2> is unconnected or connected to loadless signal.
INFO:Xst:3210 - "C:\Xilinx\project\project.vf" line 300: Output port <Q3> of the instance <XLXI_2> is unconnected or connected to loadless signal.
INFO:Xst:3210 - "C:\Xilinx\project\project.vf" line 310: Output port <CEO> of the instance <XLXI_3> is unconnected or connected to loadless signal.
INFO:Xst:3210 - "C:\Xilinx\project\project.vf" line 310: Output port <Q0> of the instance <XLXI_3> is unconnected or connected to loadless signal.
INFO:Xst:3210 - "C:\Xilinx\project\project.vf" line 310: Output port <Q1> of the instance <XLXI_3> is unconnected or connected to loadless signal.
INFO:Xst:3210 - "C:\Xilinx\project\project.vf" line 310: Output port <Q2> of the instance <XLXI_3> is unconnected or connected to loadless signal.
INFO:Xst:3210 - "C:\Xilinx\project\project.vf" line 310: Output port <Q3> of the instance <XLXI_3> is unconnected or connected to loadless signal.
INFO:Xst:3210 - "C:\Xilinx\project\project.vf" line 320: Output port <CEO> of the instance <XLXI_4> is unconnected or connected to loadless signal.
INFO:Xst:3210 - "C:\Xilinx\project\project.vf" line 320: Output port <Q0> of the instance <XLXI_4> is unconnected or connected to loadless signal.
INFO:Xst:3210 - "C:\Xilinx\project\project.vf" line 320: Output port <Q1> of the instance <XLXI_4> is unconnected or connected to loadless signal.
INFO:Xst:3210 - "C:\Xilinx\project\project.vf" line 320: Output port <Q2> of the instance <XLXI_4> is unconnected or connected to loadless signal.
INFO:Xst:3210 - "C:\Xilinx\project\project.vf" line 320: Output port <Q3> of the instance <XLXI_4> is unconnected or connected to loadless signal.
INFO:Xst:3210 - "C:\Xilinx\project\project.vf" line 330: Output port <CEO> of the instance <XLXI_5> is unconnected or connected to loadless signal.
INFO:Xst:3210 - "C:\Xilinx\project\project.vf" line 330: Output port <Q0> of the instance <XLXI_5> is unconnected or connected to loadless signal.
INFO:Xst:3210 - "C:\Xilinx\project\project.vf" line 330: Output port <Q1> of the instance <XLXI_5> is unconnected or connected to loadless signal.
INFO:Xst:3210 - "C:\Xilinx\project\project.vf" line 330: Output port <Q2> of the instance <XLXI_5> is unconnected or connected to loadless signal.
INFO:Xst:3210 - "C:\Xilinx\project\project.vf" line 330: Output port <Q3> of the instance <XLXI_5> is unconnected or connected to loadless signal.
INFO:Xst:3210 - "C:\Xilinx\project\project.vf" line 340: Output port <CEO> of the instance <XLXI_6> is unconnected or connected to loadless signal.
INFO:Xst:3210 - "C:\Xilinx\project\project.vf" line 340: Output port <Q0> of the instance <XLXI_6> is unconnected or connected to loadless signal.
INFO:Xst:3210 - "C:\Xilinx\project\project.vf" line 340: Output port <Q1> of the instance <XLXI_6> is unconnected or connected to loadless signal.
INFO:Xst:3210 - "C:\Xilinx\project\project.vf" line 340: Output port <Q2> of the instance <XLXI_6> is unconnected or connected to loadless signal.
INFO:Xst:3210 - "C:\Xilinx\project\project.vf" line 340: Output port <Q3> of the instance <XLXI_6> is unconnected or connected to loadless signal.
    Summary:
	no macro.
Unit <Div6M_MUSER_project> synthesized.

Synthesizing Unit <Div6_MUSER_project>.
    Related source file is "C:\Xilinx\project\project.vf".
    Set property "HU_SET = XLXI_1_32" for instance <XLXI_1>.
    Set property "HU_SET = XLXI_2_33" for instance <XLXI_2>.
    Set property "HU_SET = XLXI_3_34" for instance <XLXI_3>.
    Summary:
	no macro.
Unit <Div6_MUSER_project> synthesized.

Synthesizing Unit <debounceSW_MUSER_project>.
    Related source file is "C:\Xilinx\project\project.vf".
    Summary:
	no macro.
Unit <debounceSW_MUSER_project> synthesized.

=========================================================================
HDL Synthesis Report

Macro Statistics
# Adders/Subtractors                                   : 19
 4-bit adder                                           : 19
# Registers                                            : 92
 1-bit register                                        : 92
# Multiplexers                                         : 139
 1-bit 2-to-1 multiplexer                              : 138
 1-bit 4-to-1 multiplexer                              : 1

=========================================================================

=========================================================================
*                       Advanced HDL Synthesis                          *
=========================================================================


=========================================================================
Advanced HDL Synthesis Report

Macro Statistics
# Adders/Subtractors                                   : 19
 4-bit adder                                           : 19
# Registers                                            : 95
 Flip-Flops                                            : 95
# Multiplexers                                         : 139
 1-bit 2-to-1 multiplexer                              : 138
 1-bit 4-to-1 multiplexer                              : 1

=========================================================================

=========================================================================
*                         Low Level Synthesis                           *
=========================================================================

Optimizing unit <project> ...

Optimizing unit <counter128_MUSER_project> ...

Optimizing unit <CD4CE_HXILINX_Div10M2> ...

Optimizing unit <CD4CE_HXILINX_project> ...

Optimizing unit <FTC_HXILINX_project> ...

Optimizing unit <M4_1E_HXILINX_project> ...

Optimizing unit <AND6_HXILINX_project> ...

Optimizing unit <AND7_HXILINX_project> ...

Optimizing unit <D2_4E_HXILINX_project> ...

Mapping all equations...
Building and optimizing final netlist ...
Found area constraint ratio of 100 (+ 5) on block project, actual ratio is 1.

Final Macro Processing ...

=========================================================================
Final Register Report

Macro Statistics
# Registers                                            : 95
 Flip-Flops                                            : 95

=========================================================================

=========================================================================
*                           Partition Report                            *
=========================================================================

Partition Implementation Status
-------------------------------

  No Partitions were found in this design.

-------------------------------

=========================================================================
*                            Design Summary                             *
=========================================================================

Top Level Output File Name         : project.ngc

Primitive and Black Box Usage:
------------------------------
# BELS                             : 136
#      AND2                        : 6
#      AND3                        : 3
#      AND3B1                      : 1
#      AND4                        : 1
#      AND5                        : 1
#      BUF                         : 1
#      GND                         : 1
#      INV                         : 38
#      LUT2                        : 4
#      LUT3                        : 38
#      LUT4                        : 38
#      LUT5                        : 1
#      LUT6                        : 2
#      VCC                         : 1
# FlipFlops/Latches                : 95
#      FD                          : 3
#      FDCE                        : 92
# Clock Buffers                    : 1
#      BUFGP                       : 1
# IO Buffers                       : 12
#      IBUF                        : 2
#      OBUF                        : 10

Device utilization summary:
---------------------------

Selected Device : 6slx9tqg144-3 


Slice Logic Utilization: 
 Number of Slice Registers:              95  out of  11440     0%  
 Number of Slice LUTs:                  121  out of   5720     2%  
    Number used as Logic:               121  out of   5720     2%  

Slice Logic Distribution: 
 Number of LUT Flip Flop pairs used:    216
   Number with an unused Flip Flop:     121  out of    216    56%  
   Number with an unused LUT:            95  out of    216    43%  
   Number of fully used LUT-FF pairs:     0  out of    216     0%  
   Number of unique control sets:        36

IO Utilization: 
 Number of IOs:                          13
 Number of bonded IOBs:                  13  out of    102    12%  

Specific Feature Utilization:
 Number of BUFG/BUFGCTRLs:                1  out of     16     6%  

---------------------------
Partition Resource Summary:
---------------------------

  No Partitions were found in this design.

---------------------------


=========================================================================
Timing Report

NOTE: THESE TIMING NUMBERS ARE ONLY A SYNTHESIS ESTIMATE.
      FOR ACCURATE TIMING INFORMATION PLEASE REFER TO THE TRACE REPORT
      GENERATED AFTER PLACE-and-ROUTE.

Clock Information:
------------------
-----------------------------------------------+-----------------------------------+-------+
Clock Signal                                   | Clock buffer(FF name)             | Load  |
-----------------------------------------------+-----------------------------------+-------+
CLK                                            | BUFGP                             | 15    |
XLXI_40/XLXI_7/TC(XLXI_40/XLXI_7/Mmux_TC11:O)  | NONE(*)(XLXI_40/XLXI_8/Q3)        | 4     |
XLXI_40/XLXI_5/TC(XLXI_40/XLXI_5/Mmux_TC11:O)  | NONE(*)(XLXI_40/XLXI_7/Q3)        | 4     |
XLXI_40/XLXI_4/TC(XLXI_40/XLXI_4/Mmux_TC11:O)  | NONE(*)(XLXI_40/XLXI_5/Q3)        | 4     |
XLXI_40/XLXI_3/TC(XLXI_40/XLXI_3/Mmux_TC11:O)  | NONE(*)(XLXI_40/XLXI_4/Q3)        | 4     |
XLXI_40/XLXI_2/TC(XLXI_40/XLXI_2/Mmux_TC11:O)  | NONE(*)(XLXI_40/XLXI_3/Q3)        | 4     |
XLXI_40/XLXI_1/TC(XLXI_40/XLXI_1/Mmux_TC11:O)  | NONE(*)(XLXI_40/XLXI_2/Q3)        | 4     |
XLXI_121/XLXI_5/TC(XLXI_121/XLXI_5/Mmux_TC11:O)| NONE(*)(XLXI_121/XLXI_6/Q3)       | 4     |
XLXI_121/XLXI_4/TC(XLXI_121/XLXI_4/Mmux_TC11:O)| NONE(*)(XLXI_121/XLXI_5/Q3)       | 4     |
XLXI_121/XLXI_3/TC(XLXI_121/XLXI_3/Mmux_TC11:O)| NONE(*)(XLXI_121/XLXI_4/Q3)       | 4     |
XLXI_121/XLXI_2/TC(XLXI_121/XLXI_2/Mmux_TC11:O)| NONE(*)(XLXI_121/XLXI_3/Q3)       | 4     |
XLXI_121/XLXI_1/TC(XLXI_121/XLXI_1/Mmux_TC11:O)| NONE(*)(XLXI_121/XLXI_2/Q3)       | 4     |
XLXI_52/XLXI_5/TC(XLXI_52/XLXI_5/Mmux_TC11:O)  | NONE(*)(XLXI_52/XLXI_7/Q3)        | 4     |
XLXI_52/XLXI_4/TC(XLXI_52/XLXI_4/Mmux_TC11:O)  | NONE(*)(XLXI_52/XLXI_5/Q3)        | 4     |
XLXI_52/XLXI_3/TC(XLXI_52/XLXI_3/Mmux_TC11:O)  | NONE(*)(XLXI_52/XLXI_4/Q3)        | 4     |
XLXI_52/XLXI_2/TC(XLXI_52/XLXI_2/Mmux_TC11:O)  | NONE(*)(XLXI_52/XLXI_3/Q3)        | 4     |
XLXI_52/XLXI_1/TC(XLXI_52/XLXI_1/Mmux_TC11:O)  | NONE(*)(XLXI_52/XLXI_2/Q3)        | 4     |
XLXN_188(XLXI_108:O)                           | NONE(*)(XLXI_66/XLXI_2/Q)         | 2     |
XLXI_121/XLXI_6/TC(XLXI_121/XLXI_6/Mmux_TC11:O)| NONE(*)(XLXI_121/XLXI_18/XLXI_3/Q)| 3     |
XLXI_52/XLXI_7/TC(XLXI_52/XLXI_7/Mmux_TC11:O)  | NONE(*)(XLXI_52/XLXI_17/XLXI_5/Q) | 3     |
XLXN_251(XLXI_147/XLXI_5:O)                    | NONE(*)(XLXI_122/Q)               | 1     |
XLXI_114/XLXN_14(XLXI_114/XLXI_21:O)           | NONE(*)(XLXI_114/XLXI_8/Q)        | 7     |
-----------------------------------------------+-----------------------------------+-------+
(*) These 21 clock signal(s) are generated by combinatorial logic,
and XST is not able to identify which are the primary clock signals.
Please use the CLOCK_SIGNAL constraint to specify the clock signal(s) generated by combinatorial logic.
INFO:Xst:2169 - HDL ADVISOR - Some clock signals were not automatically buffered by XST with BUFG/BUFR resources. Please use the buffer_type constraint in order to insert these buffers to the clock signals to help prevent skew problems.

Asynchronous Control Signals Information:
----------------------------------------
No asynchronous control signals found in this design

Timing Summary:
---------------
Speed Grade: -3

   Minimum period: 2.834ns (Maximum Frequency: 352.871MHz)
   Minimum input arrival time before clock: 1.903ns
   Maximum output required time after clock: 4.678ns
   Maximum combinational path delay: No path found

Timing Details:
---------------
All values displayed in nanoseconds (ns)

=========================================================================
Timing constraint: Default period analysis for Clock 'CLK'
  Clock period: 2.048ns (frequency: 488.317MHz)
  Total number of paths / destination ports: 35 / 14
-------------------------------------------------------------------------
Delay:               2.048ns (Levels of Logic = 1)
  Source:            XLXI_40/XLXI_1/Q0 (FF)
  Destination:       XLXI_40/XLXI_1/Q0 (FF)
  Source Clock:      CLK rising
  Destination Clock: CLK rising

  Data Path: XLXI_40/XLXI_1/Q0 to XLXI_40/XLXI_1/Q0
                                Gate     Net
    Cell:in->out      fanout   Delay   Delay  Logical Name (Net Name)
    ----------------------------------------  ------------
     FDCE:C->Q             5   0.447   0.714  Q0 (Q0)
     INV:I->O              1   0.206   0.579  Mmux_Q3_GND_3_o_MUX_13_o11_INV_0 (Q3_GND_3_o_MUX_13_o)
     FDCE:D                    0.102          Q0
    ----------------------------------------
    Total                      2.048ns (0.755ns logic, 1.293ns route)
                                       (36.9% logic, 63.1% route)

=========================================================================
Timing constraint: Default period analysis for Clock 'XLXI_40/XLXI_7/TC'
  Clock period: 2.048ns (frequency: 488.317MHz)
  Total number of paths / destination ports: 11 / 4
-------------------------------------------------------------------------
Delay:               2.048ns (Levels of Logic = 1)
  Source:            XLXI_40/XLXI_8/Q0 (FF)
  Destination:       XLXI_40/XLXI_8/Q0 (FF)
  Source Clock:      XLXI_40/XLXI_7/TC rising
  Destination Clock: XLXI_40/XLXI_7/TC rising

  Data Path: XLXI_40/XLXI_8/Q0 to XLXI_40/XLXI_8/Q0
                                Gate     Net
    Cell:in->out      fanout   Delay   Delay  Logical Name (Net Name)
    ----------------------------------------  ------------
     FDCE:C->Q             5   0.447   0.714  Q0 (Q0)
     INV:I->O              1   0.206   0.579  Mmux_Q3_GND_3_o_MUX_13_o11_INV_0 (Q3_GND_3_o_MUX_13_o)
     FDCE:D                    0.102          Q0
    ----------------------------------------
    Total                      2.048ns (0.755ns logic, 1.293ns route)
                                       (36.9% logic, 63.1% route)

=========================================================================
Timing constraint: Default period analysis for Clock 'XLXI_40/XLXI_5/TC'
  Clock period: 2.048ns (frequency: 488.317MHz)
  Total number of paths / destination ports: 11 / 4
-------------------------------------------------------------------------
Delay:               2.048ns (Levels of Logic = 1)
  Source:            XLXI_40/XLXI_7/Q0 (FF)
  Destination:       XLXI_40/XLXI_7/Q0 (FF)
  Source Clock:      XLXI_40/XLXI_5/TC rising
  Destination Clock: XLXI_40/XLXI_5/TC rising

  Data Path: XLXI_40/XLXI_7/Q0 to XLXI_40/XLXI_7/Q0
                                Gate     Net
    Cell:in->out      fanout   Delay   Delay  Logical Name (Net Name)
    ----------------------------------------  ------------
     FDCE:C->Q             5   0.447   0.714  Q0 (Q0)
     INV:I->O              1   0.206   0.579  Mmux_Q3_GND_3_o_MUX_13_o11_INV_0 (Q3_GND_3_o_MUX_13_o)
     FDCE:D                    0.102          Q0
    ----------------------------------------
    Total                      2.048ns (0.755ns logic, 1.293ns route)
                                       (36.9% logic, 63.1% route)

=========================================================================
Timing constraint: Default period analysis for Clock 'XLXI_40/XLXI_4/TC'
  Clock period: 2.048ns (frequency: 488.317MHz)
  Total number of paths / destination ports: 11 / 4
-------------------------------------------------------------------------
Delay:               2.048ns (Levels of Logic = 1)
  Source:            XLXI_40/XLXI_5/Q0 (FF)
  Destination:       XLXI_40/XLXI_5/Q0 (FF)
  Source Clock:      XLXI_40/XLXI_4/TC rising
  Destination Clock: XLXI_40/XLXI_4/TC rising

  Data Path: XLXI_40/XLXI_5/Q0 to XLXI_40/XLXI_5/Q0
                                Gate     Net
    Cell:in->out      fanout   Delay   Delay  Logical Name (Net Name)
    ----------------------------------------  ------------
     FDCE:C->Q             5   0.447   0.714  Q0 (Q0)
     INV:I->O              1   0.206   0.579  Mmux_Q3_GND_3_o_MUX_13_o11_INV_0 (Q3_GND_3_o_MUX_13_o)
     FDCE:D                    0.102          Q0
    ----------------------------------------
    Total                      2.048ns (0.755ns logic, 1.293ns route)
                                       (36.9% logic, 63.1% route)

=========================================================================
Timing constraint: Default period analysis for Clock 'XLXI_40/XLXI_3/TC'
  Clock period: 2.048ns (frequency: 488.317MHz)
  Total number of paths / destination ports: 11 / 4
-------------------------------------------------------------------------
Delay:               2.048ns (Levels of Logic = 1)
  Source:            XLXI_40/XLXI_4/Q0 (FF)
  Destination:       XLXI_40/XLXI_4/Q0 (FF)
  Source Clock:      XLXI_40/XLXI_3/TC rising
  Destination Clock: XLXI_40/XLXI_3/TC rising

  Data Path: XLXI_40/XLXI_4/Q0 to XLXI_40/XLXI_4/Q0
                                Gate     Net
    Cell:in->out      fanout   Delay   Delay  Logical Name (Net Name)
    ----------------------------------------  ------------
     FDCE:C->Q             5   0.447   0.714  Q0 (Q0)
     INV:I->O              1   0.206   0.579  Mmux_Q3_GND_3_o_MUX_13_o11_INV_0 (Q3_GND_3_o_MUX_13_o)
     FDCE:D                    0.102          Q0
    ----------------------------------------
    Total                      2.048ns (0.755ns logic, 1.293ns route)
                                       (36.9% logic, 63.1% route)

=========================================================================
Timing constraint: Default period analysis for Clock 'XLXI_40/XLXI_2/TC'
  Clock period: 2.048ns (frequency: 488.317MHz)
  Total number of paths / destination ports: 11 / 4
-------------------------------------------------------------------------
Delay:               2.048ns (Levels of Logic = 1)
  Source:            XLXI_40/XLXI_3/Q0 (FF)
  Destination:       XLXI_40/XLXI_3/Q0 (FF)
  Source Clock:      XLXI_40/XLXI_2/TC rising
  Destination Clock: XLXI_40/XLXI_2/TC rising

  Data Path: XLXI_40/XLXI_3/Q0 to XLXI_40/XLXI_3/Q0
                                Gate     Net
    Cell:in->out      fanout   Delay   Delay  Logical Name (Net Name)
    ----------------------------------------  ------------
     FDCE:C->Q             5   0.447   0.714  Q0 (Q0)
     INV:I->O              1   0.206   0.579  Mmux_Q3_GND_3_o_MUX_13_o11_INV_0 (Q3_GND_3_o_MUX_13_o)
     FDCE:D                    0.102          Q0
    ----------------------------------------
    Total                      2.048ns (0.755ns logic, 1.293ns route)
                                       (36.9% logic, 63.1% route)

=========================================================================
Timing constraint: Default period analysis for Clock 'XLXI_40/XLXI_1/TC'
  Clock period: 2.048ns (frequency: 488.317MHz)
  Total number of paths / destination ports: 11 / 4
-------------------------------------------------------------------------
Delay:               2.048ns (Levels of Logic = 1)
  Source:            XLXI_40/XLXI_2/Q0 (FF)
  Destination:       XLXI_40/XLXI_2/Q0 (FF)
  Source Clock:      XLXI_40/XLXI_1/TC rising
  Destination Clock: XLXI_40/XLXI_1/TC rising

  Data Path: XLXI_40/XLXI_2/Q0 to XLXI_40/XLXI_2/Q0
                                Gate     Net
    Cell:in->out      fanout   Delay   Delay  Logical Name (Net Name)
    ----------------------------------------  ------------
     FDCE:C->Q             5   0.447   0.714  Q0 (Q0)
     INV:I->O              1   0.206   0.579  Mmux_Q3_GND_3_o_MUX_13_o11_INV_0 (Q3_GND_3_o_MUX_13_o)
     FDCE:D                    0.102          Q0
    ----------------------------------------
    Total                      2.048ns (0.755ns logic, 1.293ns route)
                                       (36.9% logic, 63.1% route)

=========================================================================
Timing constraint: Default period analysis for Clock 'XLXI_121/XLXI_5/TC'
  Clock period: 2.048ns (frequency: 488.317MHz)
  Total number of paths / destination ports: 11 / 4
-------------------------------------------------------------------------
Delay:               2.048ns (Levels of Logic = 1)
  Source:            XLXI_121/XLXI_6/Q0 (FF)
  Destination:       XLXI_121/XLXI_6/Q0 (FF)
  Source Clock:      XLXI_121/XLXI_5/TC rising
  Destination Clock: XLXI_121/XLXI_5/TC rising

  Data Path: XLXI_121/XLXI_6/Q0 to XLXI_121/XLXI_6/Q0
                                Gate     Net
    Cell:in->out      fanout   Delay   Delay  Logical Name (Net Name)
    ----------------------------------------  ------------
     FDCE:C->Q             5   0.447   0.714  Q0 (Q0)
     INV:I->O              1   0.206   0.579  Mmux_Q3_GND_7_o_MUX_34_o11_INV_0 (Q3_GND_7_o_MUX_34_o)
     FDCE:D                    0.102          Q0
    ----------------------------------------
    Total                      2.048ns (0.755ns logic, 1.293ns route)
                                       (36.9% logic, 63.1% route)

=========================================================================
Timing constraint: Default period analysis for Clock 'XLXI_121/XLXI_4/TC'
  Clock period: 2.048ns (frequency: 488.317MHz)
  Total number of paths / destination ports: 11 / 4
-------------------------------------------------------------------------
Delay:               2.048ns (Levels of Logic = 1)
  Source:            XLXI_121/XLXI_5/Q0 (FF)
  Destination:       XLXI_121/XLXI_5/Q0 (FF)
  Source Clock:      XLXI_121/XLXI_4/TC rising
  Destination Clock: XLXI_121/XLXI_4/TC rising

  Data Path: XLXI_121/XLXI_5/Q0 to XLXI_121/XLXI_5/Q0
                                Gate     Net
    Cell:in->out      fanout   Delay   Delay  Logical Name (Net Name)
    ----------------------------------------  ------------
     FDCE:C->Q             5   0.447   0.714  Q0 (Q0)
     INV:I->O              1   0.206   0.579  Mmux_Q3_GND_7_o_MUX_34_o11_INV_0 (Q3_GND_7_o_MUX_34_o)
     FDCE:D                    0.102          Q0
    ----------------------------------------
    Total                      2.048ns (0.755ns logic, 1.293ns route)
                                       (36.9% logic, 63.1% route)

=========================================================================
Timing constraint: Default period analysis for Clock 'XLXI_121/XLXI_3/TC'
  Clock period: 2.048ns (frequency: 488.317MHz)
  Total number of paths / destination ports: 11 / 4
-------------------------------------------------------------------------
Delay:               2.048ns (Levels of Logic = 1)
  Source:            XLXI_121/XLXI_4/Q0 (FF)
  Destination:       XLXI_121/XLXI_4/Q0 (FF)
  Source Clock:      XLXI_121/XLXI_3/TC rising
  Destination Clock: XLXI_121/XLXI_3/TC rising

  Data Path: XLXI_121/XLXI_4/Q0 to XLXI_121/XLXI_4/Q0
                                Gate     Net
    Cell:in->out      fanout   Delay   Delay  Logical Name (Net Name)
    ----------------------------------------  ------------
     FDCE:C->Q             5   0.447   0.714  Q0 (Q0)
     INV:I->O              1   0.206   0.579  Mmux_Q3_GND_7_o_MUX_34_o11_INV_0 (Q3_GND_7_o_MUX_34_o)
     FDCE:D                    0.102          Q0
    ----------------------------------------
    Total                      2.048ns (0.755ns logic, 1.293ns route)
                                       (36.9% logic, 63.1% route)

=========================================================================
Timing constraint: Default period analysis for Clock 'XLXI_121/XLXI_2/TC'
  Clock period: 2.048ns (frequency: 488.317MHz)
  Total number of paths / destination ports: 11 / 4
-------------------------------------------------------------------------
Delay:               2.048ns (Levels of Logic = 1)
  Source:            XLXI_121/XLXI_3/Q0 (FF)
  Destination:       XLXI_121/XLXI_3/Q0 (FF)
  Source Clock:      XLXI_121/XLXI_2/TC rising
  Destination Clock: XLXI_121/XLXI_2/TC rising

  Data Path: XLXI_121/XLXI_3/Q0 to XLXI_121/XLXI_3/Q0
                                Gate     Net
    Cell:in->out      fanout   Delay   Delay  Logical Name (Net Name)
    ----------------------------------------  ------------
     FDCE:C->Q             5   0.447   0.714  Q0 (Q0)
     INV:I->O              1   0.206   0.579  Mmux_Q3_GND_7_o_MUX_34_o11_INV_0 (Q3_GND_7_o_MUX_34_o)
     FDCE:D                    0.102          Q0
    ----------------------------------------
    Total                      2.048ns (0.755ns logic, 1.293ns route)
                                       (36.9% logic, 63.1% route)

=========================================================================
Timing constraint: Default period analysis for Clock 'XLXI_121/XLXI_1/TC'
  Clock period: 2.048ns (frequency: 488.317MHz)
  Total number of paths / destination ports: 11 / 4
-------------------------------------------------------------------------
Delay:               2.048ns (Levels of Logic = 1)
  Source:            XLXI_121/XLXI_2/Q0 (FF)
  Destination:       XLXI_121/XLXI_2/Q0 (FF)
  Source Clock:      XLXI_121/XLXI_1/TC rising
  Destination Clock: XLXI_121/XLXI_1/TC rising

  Data Path: XLXI_121/XLXI_2/Q0 to XLXI_121/XLXI_2/Q0
                                Gate     Net
    Cell:in->out      fanout   Delay   Delay  Logical Name (Net Name)
    ----------------------------------------  ------------
     FDCE:C->Q             5   0.447   0.714  Q0 (Q0)
     INV:I->O              1   0.206   0.579  Mmux_Q3_GND_7_o_MUX_34_o11_INV_0 (Q3_GND_7_o_MUX_34_o)
     FDCE:D                    0.102          Q0
    ----------------------------------------
    Total                      2.048ns (0.755ns logic, 1.293ns route)
                                       (36.9% logic, 63.1% route)

=========================================================================
Timing constraint: Default period analysis for Clock 'XLXI_52/XLXI_5/TC'
  Clock period: 2.048ns (frequency: 488.317MHz)
  Total number of paths / destination ports: 11 / 4
-------------------------------------------------------------------------
Delay:               2.048ns (Levels of Logic = 1)
  Source:            XLXI_52/XLXI_7/Q0 (FF)
  Destination:       XLXI_52/XLXI_7/Q0 (FF)
  Source Clock:      XLXI_52/XLXI_5/TC rising
  Destination Clock: XLXI_52/XLXI_5/TC rising

  Data Path: XLXI_52/XLXI_7/Q0 to XLXI_52/XLXI_7/Q0
                                Gate     Net
    Cell:in->out      fanout   Delay   Delay  Logical Name (Net Name)
    ----------------------------------------  ------------
     FDCE:C->Q             5   0.447   0.714  Q0 (Q0)
     INV:I->O              1   0.206   0.579  Mmux_Q3_GND_7_o_MUX_34_o11_INV_0 (Q3_GND_7_o_MUX_34_o)
     FDCE:D                    0.102          Q0
    ----------------------------------------
    Total                      2.048ns (0.755ns logic, 1.293ns route)
                                       (36.9% logic, 63.1% route)

=========================================================================
Timing constraint: Default period analysis for Clock 'XLXI_52/XLXI_4/TC'
  Clock period: 2.048ns (frequency: 488.317MHz)
  Total number of paths / destination ports: 11 / 4
-------------------------------------------------------------------------
Delay:               2.048ns (Levels of Logic = 1)
  Source:            XLXI_52/XLXI_5/Q0 (FF)
  Destination:       XLXI_52/XLXI_5/Q0 (FF)
  Source Clock:      XLXI_52/XLXI_4/TC rising
  Destination Clock: XLXI_52/XLXI_4/TC rising

  Data Path: XLXI_52/XLXI_5/Q0 to XLXI_52/XLXI_5/Q0
                                Gate     Net
    Cell:in->out      fanout   Delay   Delay  Logical Name (Net Name)
    ----------------------------------------  ------------
     FDCE:C->Q             5   0.447   0.714  Q0 (Q0)
     INV:I->O              1   0.206   0.579  Mmux_Q3_GND_7_o_MUX_34_o11_INV_0 (Q3_GND_7_o_MUX_34_o)
     FDCE:D                    0.102          Q0
    ----------------------------------------
    Total                      2.048ns (0.755ns logic, 1.293ns route)
                                       (36.9% logic, 63.1% route)

=========================================================================
Timing constraint: Default period analysis for Clock 'XLXI_52/XLXI_3/TC'
  Clock period: 2.048ns (frequency: 488.317MHz)
  Total number of paths / destination ports: 11 / 4
-------------------------------------------------------------------------
Delay:               2.048ns (Levels of Logic = 1)
  Source:            XLXI_52/XLXI_4/Q0 (FF)
  Destination:       XLXI_52/XLXI_4/Q0 (FF)
  Source Clock:      XLXI_52/XLXI_3/TC rising
  Destination Clock: XLXI_52/XLXI_3/TC rising

  Data Path: XLXI_52/XLXI_4/Q0 to XLXI_52/XLXI_4/Q0
                                Gate     Net
    Cell:in->out      fanout   Delay   Delay  Logical Name (Net Name)
    ----------------------------------------  ------------
     FDCE:C->Q             5   0.447   0.714  Q0 (Q0)
     INV:I->O              1   0.206   0.579  Mmux_Q3_GND_7_o_MUX_34_o11_INV_0 (Q3_GND_7_o_MUX_34_o)
     FDCE:D                    0.102          Q0
    ----------------------------------------
    Total                      2.048ns (0.755ns logic, 1.293ns route)
                                       (36.9% logic, 63.1% route)

=========================================================================
Timing constraint: Default period analysis for Clock 'XLXI_52/XLXI_2/TC'
  Clock period: 2.048ns (frequency: 488.317MHz)
  Total number of paths / destination ports: 11 / 4
-------------------------------------------------------------------------
Delay:               2.048ns (Levels of Logic = 1)
  Source:            XLXI_52/XLXI_3/Q0 (FF)
  Destination:       XLXI_52/XLXI_3/Q0 (FF)
  Source Clock:      XLXI_52/XLXI_2/TC rising
  Destination Clock: XLXI_52/XLXI_2/TC rising

  Data Path: XLXI_52/XLXI_3/Q0 to XLXI_52/XLXI_3/Q0
                                Gate     Net
    Cell:in->out      fanout   Delay   Delay  Logical Name (Net Name)
    ----------------------------------------  ------------
     FDCE:C->Q             5   0.447   0.714  Q0 (Q0)
     INV:I->O              1   0.206   0.579  Mmux_Q3_GND_7_o_MUX_34_o11_INV_0 (Q3_GND_7_o_MUX_34_o)
     FDCE:D                    0.102          Q0
    ----------------------------------------
    Total                      2.048ns (0.755ns logic, 1.293ns route)
                                       (36.9% logic, 63.1% route)

=========================================================================
Timing constraint: Default period analysis for Clock 'XLXI_52/XLXI_1/TC'
  Clock period: 2.048ns (frequency: 488.317MHz)
  Total number of paths / destination ports: 11 / 4
-------------------------------------------------------------------------
Delay:               2.048ns (Levels of Logic = 1)
  Source:            XLXI_52/XLXI_2/Q0 (FF)
  Destination:       XLXI_52/XLXI_2/Q0 (FF)
  Source Clock:      XLXI_52/XLXI_1/TC rising
  Destination Clock: XLXI_52/XLXI_1/TC rising

  Data Path: XLXI_52/XLXI_2/Q0 to XLXI_52/XLXI_2/Q0
                                Gate     Net
    Cell:in->out      fanout   Delay   Delay  Logical Name (Net Name)
    ----------------------------------------  ------------
     FDCE:C->Q             5   0.447   0.714  Q0 (Q0)
     INV:I->O              1   0.206   0.579  Mmux_Q3_GND_7_o_MUX_34_o11_INV_0 (Q3_GND_7_o_MUX_34_o)
     FDCE:D                    0.102          Q0
    ----------------------------------------
    Total                      2.048ns (0.755ns logic, 1.293ns route)
                                       (36.9% logic, 63.1% route)

=========================================================================
Timing constraint: Default period analysis for Clock 'XLXN_188'
  Clock period: 2.834ns (frequency: 352.871MHz)
  Total number of paths / destination ports: 7 / 5
-------------------------------------------------------------------------
Delay:               2.834ns (Levels of Logic = 2)
  Source:            XLXI_66/XLXI_1/Q (FF)
  Destination:       XLXI_66/XLXI_2/Q (FF)
  Source Clock:      XLXN_188 falling
  Destination Clock: XLXN_188 falling

  Data Path: XLXI_66/XLXI_1/Q to XLXI_66/XLXI_2/Q
                                Gate     Net
    Cell:in->out      fanout   Delay   Delay  Logical Name (Net Name)
    ----------------------------------------  ------------
     FDCE:C->Q             7   0.447   1.118  Q (Q)
     end scope: 'XLXI_66/XLXI_1:Q'
     AND2:I1->O            2   0.223   0.616  XLXI_66/XLXI_4 (XLXI_66/XLXN_8)
     begin scope: 'XLXI_66/XLXI_2:CLR'
     FDCE:CLR                  0.430          Q
    ----------------------------------------
    Total                      2.834ns (1.100ns logic, 1.734ns route)
                                       (38.8% logic, 61.2% route)

=========================================================================
Timing constraint: Default period analysis for Clock 'XLXI_121/XLXI_6/TC'
  Clock period: 2.598ns (frequency: 384.852MHz)
  Total number of paths / destination ports: 6 / 5
-------------------------------------------------------------------------
Delay:               2.598ns (Levels of Logic = 2)
  Source:            XLXI_121/XLXI_18/XLXI_1/Q (FF)
  Destination:       XLXI_121/XLXI_18/XLXI_3/Q (FF)
  Source Clock:      XLXI_121/XLXI_6/TC rising
  Destination Clock: XLXI_121/XLXI_6/TC rising

  Data Path: XLXI_121/XLXI_18/XLXI_1/Q to XLXI_121/XLXI_18/XLXI_3/Q
                                Gate     Net
    Cell:in->out      fanout   Delay   Delay  Logical Name (Net Name)
    ----------------------------------------  ------------
     FDCE:C->Q             4   0.447   1.028  Q (Q)
     end scope: 'XLXI_121/XLXI_18/XLXI_1:Q'
     AND2:I1->O            1   0.223   0.579  XLXI_121/XLXI_18/XLXI_4 (XLXI_121/XLXI_18/XLXN_1)
     begin scope: 'XLXI_121/XLXI_18/XLXI_3:T'
     FDCE:CE                   0.322          Q
    ----------------------------------------
    Total                      2.598ns (0.992ns logic, 1.606ns route)
                                       (38.2% logic, 61.8% route)

=========================================================================
Timing constraint: Default period analysis for Clock 'XLXI_52/XLXI_7/TC'
  Clock period: 2.598ns (frequency: 384.852MHz)
  Total number of paths / destination ports: 6 / 5
-------------------------------------------------------------------------
Delay:               2.598ns (Levels of Logic = 2)
  Source:            XLXI_52/XLXI_17/XLXI_3/Q (FF)
  Destination:       XLXI_52/XLXI_17/XLXI_5/Q (FF)
  Source Clock:      XLXI_52/XLXI_7/TC rising
  Destination Clock: XLXI_52/XLXI_7/TC rising

  Data Path: XLXI_52/XLXI_17/XLXI_3/Q to XLXI_52/XLXI_17/XLXI_5/Q
                                Gate     Net
    Cell:in->out      fanout   Delay   Delay  Logical Name (Net Name)
    ----------------------------------------  ------------
     FDCE:C->Q             4   0.447   1.028  Q (Q)
     end scope: 'XLXI_52/XLXI_17/XLXI_3:Q'
     AND2:I1->O            1   0.223   0.579  XLXI_52/XLXI_17/XLXI_6 (XLXI_52/XLXI_17/XLXN_3)
     begin scope: 'XLXI_52/XLXI_17/XLXI_5:T'
     FDCE:CE                   0.322          Q
    ----------------------------------------
    Total                      2.598ns (0.992ns logic, 1.606ns route)
                                       (38.2% logic, 61.8% route)

=========================================================================
Timing constraint: Default period analysis for Clock 'XLXN_251'
  Clock period: 1.984ns (frequency: 504.007MHz)
  Total number of paths / destination ports: 1 / 1
-------------------------------------------------------------------------
Delay:               1.984ns (Levels of Logic = 1)
  Source:            XLXI_122/Q (FF)
  Destination:       XLXI_122/Q (FF)
  Source Clock:      XLXN_251 rising
  Destination Clock: XLXN_251 rising

  Data Path: XLXI_122/Q to XLXI_122/Q
                                Gate     Net
    Cell:in->out      fanout   Delay   Delay  Logical Name (Net Name)
    ----------------------------------------  ------------
     FDCE:C->Q             3   0.447   0.650  Q (Q)
     INV:I->O              1   0.206   0.579  Q_INV_2_o1_INV_0 (Q_INV_2_o)
     FDCE:D                    0.102          Q
    ----------------------------------------
    Total                      1.984ns (0.755ns logic, 1.229ns route)
                                       (38.1% logic, 61.9% route)

=========================================================================
Timing constraint: Default period analysis for Clock 'XLXI_114/XLXN_14'
  Clock period: 2.745ns (frequency: 364.352MHz)
  Total number of paths / destination ports: 28 / 13
-------------------------------------------------------------------------
Delay:               2.745ns (Levels of Logic = 2)
  Source:            XLXI_114/XLXI_8/Q (FF)
  Destination:       XLXI_114/XLXI_10/Q (FF)
  Source Clock:      XLXI_114/XLXN_14 rising
  Destination Clock: XLXI_114/XLXN_14 rising

  Data Path: XLXI_114/XLXI_8/Q to XLXI_114/XLXI_10/Q
                                Gate     Net
    Cell:in->out      fanout   Delay   Delay  Logical Name (Net Name)
    ----------------------------------------  ------------
     FDCE:C->Q             9   0.447   1.174  Q (Q)
     end scope: 'XLXI_114/XLXI_8:Q'
     AND2:I1->O            1   0.223   0.579  XLXI_114/XLXI_16 (XLXI_114/XLXN_18)
     begin scope: 'XLXI_114/XLXI_10:T'
     FDCE:CE                   0.322          Q
    ----------------------------------------
    Total                      2.745ns (0.992ns logic, 1.753ns route)
                                       (36.1% logic, 63.9% route)

=========================================================================
Timing constraint: Default OFFSET IN BEFORE for Clock 'CLK'
  Total number of paths / destination ports: 1 / 1
-------------------------------------------------------------------------
Offset:              1.903ns (Levels of Logic = 1)
  Source:            START_SW (PAD)
  Destination:       XLXI_147/XLXI_1 (FF)
  Destination Clock: CLK rising

  Data Path: START_SW to XLXI_147/XLXI_1
                                Gate     Net
    Cell:in->out      fanout   Delay   Delay  Logical Name (Net Name)
    ----------------------------------------  ------------
     IBUF:I->O             1   1.222   0.579  START_SW_IBUF (START_SW_IBUF)
     FD:D                      0.102          XLXI_147/XLXI_1
    ----------------------------------------
    Total                      1.903ns (1.324ns logic, 0.579ns route)
                                       (69.6% logic, 30.4% route)

=========================================================================
Timing constraint: Default OFFSET OUT AFTER for Clock 'XLXI_114/XLXN_14'
  Total number of paths / destination ports: 7 / 7
-------------------------------------------------------------------------
Offset:              3.847ns (Levels of Logic = 2)
  Source:            XLXI_114/XLXI_8/Q (FF)
  Destination:       O<0> (PAD)
  Source Clock:      XLXI_114/XLXN_14 rising

  Data Path: XLXI_114/XLXI_8/Q to O<0>
                                Gate     Net
    Cell:in->out      fanout   Delay   Delay  Logical Name (Net Name)
    ----------------------------------------  ------------
     FDCE:C->Q             9   0.447   0.829  Q (Q)
     end scope: 'XLXI_114/XLXI_8:Q'
     OBUF:I->O                 2.571          O_0_OBUF (O<0>)
    ----------------------------------------
    Total                      3.847ns (3.018ns logic, 0.829ns route)
                                       (78.5% logic, 21.5% route)

=========================================================================
Timing constraint: Default OFFSET OUT AFTER for Clock 'XLXN_188'
  Total number of paths / destination ports: 6 / 3
-------------------------------------------------------------------------
Offset:              4.678ns (Levels of Logic = 4)
  Source:            XLXI_66/XLXI_1/Q (FF)
  Destination:       LED_SPD2 (PAD)
  Source Clock:      XLXN_188 falling

  Data Path: XLXI_66/XLXI_1/Q to LED_SPD2
                                Gate     Net
    Cell:in->out      fanout   Delay   Delay  Logical Name (Net Name)
    ----------------------------------------  ------------
     FDCE:C->Q             7   0.447   0.878  Q (Q)
     end scope: 'XLXI_66/XLXI_1:Q'
     begin scope: 'XLXI_68:A0'
     LUT2:I0->O            1   0.203   0.579  Mmux_D211 (D2)
     end scope: 'XLXI_68:D2'
     OBUF:I->O                 2.571          LED_SPD2_OBUF (LED_SPD2)
    ----------------------------------------
    Total                      4.678ns (3.221ns logic, 1.457ns route)
                                       (68.9% logic, 31.1% route)

=========================================================================

Cross Clock Domains Report:
--------------------------

Clock to Setup on destination clock CLK
---------------+---------+---------+---------+---------+
               | Src:Rise| Src:Fall| Src:Rise| Src:Fall|
Source Clock   |Dest:Rise|Dest:Rise|Dest:Fall|Dest:Fall|
---------------+---------+---------+---------+---------+
CLK            |    2.048|         |         |         |
---------------+---------+---------+---------+---------+

Clock to Setup on destination clock XLXI_114/XLXN_14
----------------+---------+---------+---------+---------+
                | Src:Rise| Src:Fall| Src:Rise| Src:Fall|
Source Clock    |Dest:Rise|Dest:Rise|Dest:Fall|Dest:Fall|
----------------+---------+---------+---------+---------+
XLXI_114/XLXN_14|    2.745|         |         |         |
XLXN_251        |    2.868|         |         |         |
----------------+---------+---------+---------+---------+

Clock to Setup on destination clock XLXI_121/XLXI_1/TC
------------------+---------+---------+---------+---------+
                  | Src:Rise| Src:Fall| Src:Rise| Src:Fall|
Source Clock      |Dest:Rise|Dest:Rise|Dest:Fall|Dest:Fall|
------------------+---------+---------+---------+---------+
XLXI_121/XLXI_1/TC|    2.048|         |         |         |
------------------+---------+---------+---------+---------+

Clock to Setup on destination clock XLXI_121/XLXI_2/TC
------------------+---------+---------+---------+---------+
                  | Src:Rise| Src:Fall| Src:Rise| Src:Fall|
Source Clock      |Dest:Rise|Dest:Rise|Dest:Fall|Dest:Fall|
------------------+---------+---------+---------+---------+
XLXI_121/XLXI_2/TC|    2.048|         |         |         |
------------------+---------+---------+---------+---------+

Clock to Setup on destination clock XLXI_121/XLXI_3/TC
------------------+---------+---------+---------+---------+
                  | Src:Rise| Src:Fall| Src:Rise| Src:Fall|
Source Clock      |Dest:Rise|Dest:Rise|Dest:Fall|Dest:Fall|
------------------+---------+---------+---------+---------+
XLXI_121/XLXI_3/TC|    2.048|         |         |         |
------------------+---------+---------+---------+---------+

Clock to Setup on destination clock XLXI_121/XLXI_4/TC
------------------+---------+---------+---------+---------+
                  | Src:Rise| Src:Fall| Src:Rise| Src:Fall|
Source Clock      |Dest:Rise|Dest:Rise|Dest:Fall|Dest:Fall|
------------------+---------+---------+---------+---------+
XLXI_121/XLXI_4/TC|    2.048|         |         |         |
------------------+---------+---------+---------+---------+

Clock to Setup on destination clock XLXI_121/XLXI_5/TC
------------------+---------+---------+---------+---------+
                  | Src:Rise| Src:Fall| Src:Rise| Src:Fall|
Source Clock      |Dest:Rise|Dest:Rise|Dest:Fall|Dest:Fall|
------------------+---------+---------+---------+---------+
XLXI_121/XLXI_5/TC|    2.048|         |         |         |
------------------+---------+---------+---------+---------+

Clock to Setup on destination clock XLXI_121/XLXI_6/TC
------------------+---------+---------+---------+---------+
                  | Src:Rise| Src:Fall| Src:Rise| Src:Fall|
Source Clock      |Dest:Rise|Dest:Rise|Dest:Fall|Dest:Fall|
------------------+---------+---------+---------+---------+
XLXI_121/XLXI_6/TC|    2.598|         |         |         |
------------------+---------+---------+---------+---------+

Clock to Setup on destination clock XLXI_40/XLXI_1/TC
-----------------+---------+---------+---------+---------+
                 | Src:Rise| Src:Fall| Src:Rise| Src:Fall|
Source Clock     |Dest:Rise|Dest:Rise|Dest:Fall|Dest:Fall|
-----------------+---------+---------+---------+---------+
XLXI_40/XLXI_1/TC|    2.048|         |         |         |
-----------------+---------+---------+---------+---------+

Clock to Setup on destination clock XLXI_40/XLXI_2/TC
-----------------+---------+---------+---------+---------+
                 | Src:Rise| Src:Fall| Src:Rise| Src:Fall|
Source Clock     |Dest:Rise|Dest:Rise|Dest:Fall|Dest:Fall|
-----------------+---------+---------+---------+---------+
XLXI_40/XLXI_2/TC|    2.048|         |         |         |
-----------------+---------+---------+---------+---------+

Clock to Setup on destination clock XLXI_40/XLXI_3/TC
-----------------+---------+---------+---------+---------+
                 | Src:Rise| Src:Fall| Src:Rise| Src:Fall|
Source Clock     |Dest:Rise|Dest:Rise|Dest:Fall|Dest:Fall|
-----------------+---------+---------+---------+---------+
XLXI_40/XLXI_3/TC|    2.048|         |         |         |
-----------------+---------+---------+---------+---------+

Clock to Setup on destination clock XLXI_40/XLXI_4/TC
-----------------+---------+---------+---------+---------+
                 | Src:Rise| Src:Fall| Src:Rise| Src:Fall|
Source Clock     |Dest:Rise|Dest:Rise|Dest:Fall|Dest:Fall|
-----------------+---------+---------+---------+---------+
XLXI_40/XLXI_4/TC|    2.048|         |         |         |
-----------------+---------+---------+---------+---------+

Clock to Setup on destination clock XLXI_40/XLXI_5/TC
-----------------+---------+---------+---------+---------+
                 | Src:Rise| Src:Fall| Src:Rise| Src:Fall|
Source Clock     |Dest:Rise|Dest:Rise|Dest:Fall|Dest:Fall|
-----------------+---------+---------+---------+---------+
XLXI_40/XLXI_5/TC|    2.048|         |         |         |
-----------------+---------+---------+---------+---------+

Clock to Setup on destination clock XLXI_40/XLXI_7/TC
-----------------+---------+---------+---------+---------+
                 | Src:Rise| Src:Fall| Src:Rise| Src:Fall|
Source Clock     |Dest:Rise|Dest:Rise|Dest:Fall|Dest:Fall|
-----------------+---------+---------+---------+---------+
XLXI_40/XLXI_7/TC|    2.048|         |         |         |
-----------------+---------+---------+---------+---------+

Clock to Setup on destination clock XLXI_52/XLXI_1/TC
-----------------+---------+---------+---------+---------+
                 | Src:Rise| Src:Fall| Src:Rise| Src:Fall|
Source Clock     |Dest:Rise|Dest:Rise|Dest:Fall|Dest:Fall|
-----------------+---------+---------+---------+---------+
XLXI_52/XLXI_1/TC|    2.048|         |         |         |
-----------------+---------+---------+---------+---------+

Clock to Setup on destination clock XLXI_52/XLXI_2/TC
-----------------+---------+---------+---------+---------+
                 | Src:Rise| Src:Fall| Src:Rise| Src:Fall|
Source Clock     |Dest:Rise|Dest:Rise|Dest:Fall|Dest:Fall|
-----------------+---------+---------+---------+---------+
XLXI_52/XLXI_2/TC|    2.048|         |         |         |
-----------------+---------+---------+---------+---------+

Clock to Setup on destination clock XLXI_52/XLXI_3/TC
-----------------+---------+---------+---------+---------+
                 | Src:Rise| Src:Fall| Src:Rise| Src:Fall|
Source Clock     |Dest:Rise|Dest:Rise|Dest:Fall|Dest:Fall|
-----------------+---------+---------+---------+---------+
XLXI_52/XLXI_3/TC|    2.048|         |         |         |
-----------------+---------+---------+---------+---------+

Clock to Setup on destination clock XLXI_52/XLXI_4/TC
-----------------+---------+---------+---------+---------+
                 | Src:Rise| Src:Fall| Src:Rise| Src:Fall|
Source Clock     |Dest:Rise|Dest:Rise|Dest:Fall|Dest:Fall|
-----------------+---------+---------+---------+---------+
XLXI_52/XLXI_4/TC|    2.048|         |         |         |
-----------------+---------+---------+---------+---------+

Clock to Setup on destination clock XLXI_52/XLXI_5/TC
-----------------+---------+---------+---------+---------+
                 | Src:Rise| Src:Fall| Src:Rise| Src:Fall|
Source Clock     |Dest:Rise|Dest:Rise|Dest:Fall|Dest:Fall|
-----------------+---------+---------+---------+---------+
XLXI_52/XLXI_5/TC|    2.048|         |         |         |
-----------------+---------+---------+---------+---------+

Clock to Setup on destination clock XLXI_52/XLXI_7/TC
-----------------+---------+---------+---------+---------+
                 | Src:Rise| Src:Fall| Src:Rise| Src:Fall|
Source Clock     |Dest:Rise|Dest:Rise|Dest:Fall|Dest:Fall|
-----------------+---------+---------+---------+---------+
XLXI_52/XLXI_7/TC|    2.598|         |         |         |
-----------------+---------+---------+---------+---------+

Clock to Setup on destination clock XLXN_188
---------------+---------+---------+---------+---------+
               | Src:Rise| Src:Fall| Src:Rise| Src:Fall|
Source Clock   |Dest:Rise|Dest:Rise|Dest:Fall|Dest:Fall|
---------------+---------+---------+---------+---------+
XLXN_188       |         |         |    2.834|         |
---------------+---------+---------+---------+---------+

Clock to Setup on destination clock XLXN_251
----------------+---------+---------+---------+---------+
                | Src:Rise| Src:Fall| Src:Rise| Src:Fall|
Source Clock    |Dest:Rise|Dest:Rise|Dest:Fall|Dest:Fall|
----------------+---------+---------+---------+---------+
XLXI_114/XLXN_14|    3.231|         |         |         |
XLXN_251        |    1.984|         |         |         |
----------------+---------+---------+---------+---------+

=========================================================================


Total REAL time to Xst completion: 9.00 secs
Total CPU time to Xst completion: 9.11 secs
 
--> 

Total memory usage is 4487032 kilobytes

Number of errors   :    0 (   0 filtered)
Number of warnings :    2 (   0 filtered)
Number of infos    :   97 (   0 filtered)

